# JRE version: Java(TM) SE Runtime Environment (8.0_121-b13) (build 1.8.0_121-b13)
# Java VM: Java HotSpot(TM) 64-Bit Server VM (25.121-b13 mixed mode windows-amd64 compressed oops)
Heap:
 PSYoungGen      total 154112K, used 131010K [0x000000076b380000, 0x0000000776280000, 0x00000007c0000000)
  eden space 130560K, 86% used [0x000000076b380000,0x00000007721e11e0,0x0000000773300000)
  from space 23552K, 76% used [0x0000000774a80000,0x0000000775c0f960,0x0000000776180000)
  to   space 24064K, 0% used [0x0000000773300000,0x0000000773300000,0x0000000774a80000)
 ParOldGen       total 175104K, used 87478K [0x00000006c1a00000, 0x00000006cc500000, 0x000000076b380000)
  object space 175104K, 49% used [0x00000006c1a00000,0x00000006c6f6dad8,0x00000006cc500000)
 Metaspace       used 11443K, capacity 11607K, committed 12032K, reserved 1060864K
  class space    used 1112K, capacity 1169K, committed 1280K, reserved 1048576K
GC Heap History (10 events):
Event: 5.671 GC heap before
{Heap before GC invocations=2 (full 0):
 PSYoungGen      total 76288K, used 76280K [0x000000076b380000, 0x0000000770880000, 0x00000007c0000000)
  eden space 65536K, 100% used [0x000000076b380000,0x000000076f380000,0x000000076f380000)
  from space 10752K, 99% used [0x000000076f380000,0x000000076fdfe1e8,0x000000076fe00000)
  to   space 10752K, 0% used [0x000000076fe00000,0x000000076fe00000,0x0000000770880000)
 ParOldGen       total 175104K, used 57440K [0x00000006c1a00000, 0x00000006cc500000, 0x000000076b380000)
  object space 175104K, 32% used [0x00000006c1a00000,0x00000006c52181e0,0x00000006cc500000)
 Metaspace       used 11364K, capacity 11539K, committed 11776K, reserved 1060864K
  class space    used 1109K, capacity 1169K, committed 1280K, reserved 1048576K
Event: 5.677 GC heap after
Heap after GC invocations=2 (full 0):
 PSYoungGen      total 76288K, used 10730K [0x000000076b380000, 0x0000000770880000, 0x00000007c0000000)
  eden space 65536K, 0% used [0x000000076b380000,0x000000076b380000,0x000000076f380000)
  from space 10752K, 99% used [0x000000076fe00000,0x000000077087a888,0x0000000770880000)
  to   space 10752K, 0% used [0x000000076f380000,0x000000076f380000,0x000000076fe00000)
 ParOldGen       total 175104K, used 65682K [0x00000006c1a00000, 0x00000006cc500000, 0x000000076b380000)
  object space 175104K, 37% used [0x00000006c1a00000,0x00000006c5a24a08,0x00000006cc500000)
 Metaspace       used 11364K, capacity 11539K, committed 11776K, reserved 1060864K
  class space    used 1109K, capacity 1169K, committed 1280K, reserved 1048576K
}
Event: 5.840 GC heap before
{Heap before GC invocations=3 (full 0):
 PSYoungGen      total 76288K, used 76266K [0x000000076b380000, 0x0000000770880000, 0x00000007c0000000)
  eden space 65536K, 100% used [0x000000076b380000,0x000000076f380000,0x000000076f380000)
  from space 10752K, 99% used [0x000000076fe00000,0x000000077087a888,0x0000000770880000)
  to   space 10752K, 0% used [0x000000076f380000,0x000000076f380000,0x000000076fe00000)
 ParOldGen       total 175104K, used 65682K [0x00000006c1a00000, 0x00000006cc500000, 0x000000076b380000)
  object space 175104K, 37% used [0x00000006c1a00000,0x00000006c5a24a08,0x00000006cc500000)
 Metaspace       used 11371K, capacity 11539K, committed 11776K, reserved 1060864K
  class space    used 1109K, capacity 1169K, committed 1280K, reserved 1048576K
Event: 5.844 GC heap after
Heap after GC invocations=3 (full 0):
 PSYoungGen      total 76288K, used 10191K [0x000000076b380000, 0x0000000770880000, 0x00000007c0000000)
  eden space 65536K, 0% used [0x000000076b380000,0x000000076b380000,0x000000076f380000)
  from space 10752K, 94% used [0x000000076f380000,0x000000076fd73e70,0x000000076fe00000)
  to   space 10752K, 0% used [0x000000076fe00000,0x000000076fe00000,0x0000000770880000)
 ParOldGen       total 175104K, used 72889K [0x00000006c1a00000, 0x00000006cc500000, 0x000000076b380000)
  object space 175104K, 41% used [0x00000006c1a00000,0x00000006c612e4f8,0x00000006cc500000)
 Metaspace       used 11371K, capacity 11539K, committed 11776K, reserved 1060864K
  class space    used 1109K, capacity 1169K, committed 1280K, reserved 1048576K
}
Event: 6.008 GC heap before
{Heap before GC invocations=4 (full 0):
 PSYoungGen      total 76288K, used 75727K [0x000000076b380000, 0x0000000770880000, 0x00000007c0000000)
  eden space 65536K, 100% used [0x000000076b380000,0x000000076f380000,0x000000076f380000)
  from space 10752K, 94% used [0x000000076f380000,0x000000076fd73e70,0x000000076fe00000)
  to   space 10752K, 0% used [0x000000076fe00000,0x000000076fe00000,0x0000000770880000)
 ParOldGen       total 175104K, used 72889K [0x00000006c1a00000, 0x00000006cc500000, 0x000000076b380000)
  object space 175104K, 41% used [0x00000006c1a00000,0x00000006c612e4f8,0x00000006cc500000)
 Metaspace       used 11371K, capacity 11539K, committed 11776K, reserved 1060864K
  class space    used 1109K, capacity 1169K, committed 1280K, reserved 1048576K
Event: 6.011 GC heap after
Heap after GC invocations=4 (full 0):
 PSYoungGen      total 76288K, used 10751K [0x000000076b380000, 0x0000000774880000, 0x00000007c0000000)
  eden space 65536K, 0% used [0x000000076b380000,0x000000076b380000,0x000000076f380000)
  from space 10752K, 99% used [0x000000076fe00000,0x000000077087fe70,0x0000000770880000)
  to   space 10752K, 0% used [0x000000076f380000,0x000000076f380000,0x000000076fe00000)
 ParOldGen       total 175104K, used 80263K [0x00000006c1a00000, 0x00000006cc500000, 0x000000076b380000)
  object space 175104K, 45% used [0x00000006c1a00000,0x00000006c6861fe8,0x00000006cc500000)
 Metaspace       used 11371K, capacity 11539K, committed 11776K, reserved 1060864K
  class space    used 1109K, capacity 1169K, committed 1280K, reserved 1048576K
}
Event: 6.178 GC heap before
{Heap before GC invocations=5 (full 0):
 PSYoungGen      total 76288K, used 76287K [0x000000076b380000, 0x0000000774880000, 0x00000007c0000000)
  eden space 65536K, 100% used [0x000000076b380000,0x000000076f380000,0x000000076f380000)
  from space 10752K, 99% used [0x000000076fe00000,0x000000077087fe70,0x0000000770880000)
  to   space 10752K, 0% used [0x000000076f380000,0x000000076f380000,0x000000076fe00000)
 ParOldGen       total 175104K, used 80263K [0x00000006c1a00000, 0x00000006cc500000, 0x000000076b380000)
  object space 175104K, 45% used [0x00000006c1a00000,0x00000006c6861fe8,0x00000006cc500000)
 Metaspace       used 11371K, capacity 11539K, committed 11776K, reserved 1060864K
  class space    used 1109K, capacity 1169K, committed 1280K, reserved 1048576K
Event: 6.181 GC heap after
Heap after GC invocations=5 (full 0):
 PSYoungGen      total 76288K, used 10735K [0x000000076b380000, 0x0000000776180000, 0x00000007c0000000)
  eden space 65536K, 0% used [0x000000076b380000,0x000000076b380000,0x000000076f380000)
  from space 10752K, 99% used [0x000000076f380000,0x000000076fdfbe80,0x000000076fe00000)
  to   space 23552K, 0% used [0x0000000774a80000,0x0000000774a80000,0x0000000776180000)
 ParOldGen       total 175104K, used 87478K [0x00000006c1a00000, 0x00000006cc500000, 0x000000076b380000)
  object space 175104K, 49% used [0x00000006c1a00000,0x00000006c6f6dad8,0x00000006cc500000)
 Metaspace       used 11371K, capacity 11539K, committed 11776K, reserved 1060864K
  class space    used 1109K, capacity 1169K, committed 1280K, reserved 1048576K
}
Event: 6.344 GC heap before
{Heap before GC invocations=6 (full 0):
 PSYoungGen      total 76288K, used 76271K [0x000000076b380000, 0x0000000776180000, 0x00000007c0000000)
  eden space 65536K, 100% used [0x000000076b380000,0x000000076f380000,0x000000076f380000)
  from space 10752K, 99% used [0x000000076f380000,0x000000076fdfbe80,0x000000076fe00000)
  to   space 23552K, 0% used [0x0000000774a80000,0x0000000774a80000,0x0000000776180000)
 ParOldGen       total 175104K, used 87478K [0x00000006c1a00000, 0x00000006cc500000, 0x000000076b380000)
  object space 175104K, 49% used [0x00000006c1a00000,0x00000006c6f6dad8,0x00000006cc500000)
 Metaspace       used 11371K, capacity 11539K, committed 11776K, reserved 1060864K
  class space    used 1109K, capacity 1169K, committed 1280K, reserved 1048576K
Event: 6.349 GC heap after
Heap after GC invocations=6 (full 0):
 PSYoungGen      total 154112K, used 17982K [0x000000076b380000, 0x0000000776280000, 0x00000007c0000000)
  eden space 130560K, 0% used [0x000000076b380000,0x000000076b380000,0x0000000773300000)
  from space 23552K, 76% used [0x0000000774a80000,0x0000000775c0f960,0x0000000776180000)
  to   space 24064K, 0% used [0x0000000773300000,0x0000000773300000,0x0000000774a80000)
 ParOldGen       total 175104K, used 87478K [0x00000006c1a00000, 0x00000006cc500000, 0x000000076b380000)
  object space 175104K, 49% used [0x00000006c1a00000,0x00000006c6f6dad8,0x00000006cc500000)
 Metaspace       used 11371K, capacity 11539K, committed 11776K, reserved 1060864K
  class space    used 1109K, capacity 1169K, committed 1280K, reserved 1048576K
}

