# JRE version: Java(TM) SE Runtime Environment (8.0_221-b11) (build 1.8.0_221-b11)
# Java VM: Java HotSpot(TM) 64-Bit Server VM (25.221-b11 mixed mode windows-amd64 compressed oops)
Heap:
 PSYoungGen      total 31744K, used 6511K [0x000000076b100000, 0x000000076f400000, 0x00000007c0000000)
  eden space 31232K, 20% used [0x000000076b100000,0x000000076b71be80,0x000000076cf80000)
  from space 512K, 50% used [0x000000076f300000,0x000000076f340000,0x000000076f380000)
  to   space 512K, 0% used [0x000000076f380000,0x000000076f380000,0x000000076f400000)
 ParOldGen       total 175104K, used 90201K [0x00000006c1200000, 0x00000006cbd00000, 0x000000076b100000)
  object space 175104K, 51% used [0x00000006c1200000,0x00000006c6a164a8,0x00000006cbd00000)
 Metaspace       used 13361K, capacity 13619K, committed 13696K, reserved 1060864K
  class space    used 1260K, capacity 1341K, committed 1408K, reserved 1048576K
GC Heap History (10 events):
Event: 25815.426 GC heap before
{Heap before GC invocations=1409 (full 0):
 PSYoungGen      total 31744K, used 31488K [0x000000076b100000, 0x000000076f400000, 0x00000007c0000000)
  eden space 31232K, 100% used [0x000000076b100000,0x000000076cf80000,0x000000076cf80000)
  from space 512K, 50% used [0x000000076f380000,0x000000076f3c0000,0x000000076f400000)
  to   space 512K, 0% used [0x000000076f300000,0x000000076f300000,0x000000076f380000)
 ParOldGen       total 175104K, used 90201K [0x00000006c1200000, 0x00000006cbd00000, 0x000000076b100000)
  object space 175104K, 51% used [0x00000006c1200000,0x00000006c6a164a8,0x00000006cbd00000)
 Metaspace       used 13360K, capacity 13619K, committed 13696K, reserved 1060864K
  class space    used 1260K, capacity 1341K, committed 1408K, reserved 1048576K
Event: 25815.429 GC heap after
Heap after GC invocations=1409 (full 0):
 PSYoungGen      total 31744K, used 256K [0x000000076b100000, 0x000000076f400000, 0x00000007c0000000)
  eden space 31232K, 0% used [0x000000076b100000,0x000000076b100000,0x000000076cf80000)
  from space 512K, 50% used [0x000000076f300000,0x000000076f340000,0x000000076f380000)
  to   space 512K, 0% used [0x000000076f380000,0x000000076f380000,0x000000076f400000)
 ParOldGen       total 175104K, used 90201K [0x00000006c1200000, 0x00000006cbd00000, 0x000000076b100000)
  object space 175104K, 51% used [0x00000006c1200000,0x00000006c6a164a8,0x00000006cbd00000)
 Metaspace       used 13360K, capacity 13619K, committed 13696K, reserved 1060864K
  class space    used 1260K, capacity 1341K, committed 1408K, reserved 1048576K
}
Event: 25826.527 GC heap before
{Heap before GC invocations=1410 (full 0):
 PSYoungGen      total 31744K, used 31488K [0x000000076b100000, 0x000000076f400000, 0x00000007c0000000)
  eden space 31232K, 100% used [0x000000076b100000,0x000000076cf80000,0x000000076cf80000)
  from space 512K, 50% used [0x000000076f300000,0x000000076f340000,0x000000076f380000)
  to   space 512K, 0% used [0x000000076f380000,0x000000076f380000,0x000000076f400000)
 ParOldGen       total 175104K, used 90201K [0x00000006c1200000, 0x00000006cbd00000, 0x000000076b100000)
  object space 175104K, 51% used [0x00000006c1200000,0x00000006c6a164a8,0x00000006cbd00000)
 Metaspace       used 13361K, capacity 13619K, committed 13696K, reserved 1060864K
  class space    used 1260K, capacity 1341K, committed 1408K, reserved 1048576K
Event: 25826.529 GC heap after
Heap after GC invocations=1410 (full 0):
 PSYoungGen      total 31744K, used 288K [0x000000076b100000, 0x000000076f400000, 0x00000007c0000000)
  eden space 31232K, 0% used [0x000000076b100000,0x000000076b100000,0x000000076cf80000)
  from space 512K, 56% used [0x000000076f380000,0x000000076f3c8000,0x000000076f400000)
  to   space 512K, 0% used [0x000000076f300000,0x000000076f300000,0x000000076f380000)
 ParOldGen       total 175104K, used 90201K [0x00000006c1200000, 0x00000006cbd00000, 0x000000076b100000)
  object space 175104K, 51% used [0x00000006c1200000,0x00000006c6a164a8,0x00000006cbd00000)
 Metaspace       used 13361K, capacity 13619K, committed 13696K, reserved 1060864K
  class space    used 1260K, capacity 1341K, committed 1408K, reserved 1048576K
}
Event: 25837.660 GC heap before
{Heap before GC invocations=1411 (full 0):
 PSYoungGen      total 31744K, used 31520K [0x000000076b100000, 0x000000076f400000, 0x00000007c0000000)
  eden space 31232K, 100% used [0x000000076b100000,0x000000076cf80000,0x000000076cf80000)
  from space 512K, 56% used [0x000000076f380000,0x000000076f3c8000,0x000000076f400000)
  to   space 512K, 0% used [0x000000076f300000,0x000000076f300000,0x000000076f380000)
 ParOldGen       total 175104K, used 90201K [0x00000006c1200000, 0x00000006cbd00000, 0x000000076b100000)
  object space 175104K, 51% used [0x00000006c1200000,0x00000006c6a164a8,0x00000006cbd00000)
 Metaspace       used 13361K, capacity 13619K, committed 13696K, reserved 1060864K
  class space    used 1260K, capacity 1341K, committed 1408K, reserved 1048576K
Event: 25837.662 GC heap after
Heap after GC invocations=1411 (full 0):
 PSYoungGen      total 31744K, used 256K [0x000000076b100000, 0x000000076f400000, 0x00000007c0000000)
  eden space 31232K, 0% used [0x000000076b100000,0x000000076b100000,0x000000076cf80000)
  from space 512K, 50% used [0x000000076f300000,0x000000076f340000,0x000000076f380000)
  to   space 512K, 0% used [0x000000076f380000,0x000000076f380000,0x000000076f400000)
 ParOldGen       total 175104K, used 90201K [0x00000006c1200000, 0x00000006cbd00000, 0x000000076b100000)
  object space 175104K, 51% used [0x00000006c1200000,0x00000006c6a164a8,0x00000006cbd00000)
 Metaspace       used 13361K, capacity 13619K, committed 13696K, reserved 1060864K
  class space    used 1260K, capacity 1341K, committed 1408K, reserved 1048576K
}
Event: 25848.794 GC heap before
{Heap before GC invocations=1412 (full 0):
 PSYoungGen      total 31744K, used 31488K [0x000000076b100000, 0x000000076f400000, 0x00000007c0000000)
  eden space 31232K, 100% used [0x000000076b100000,0x000000076cf80000,0x000000076cf80000)
  from space 512K, 50% used [0x000000076f300000,0x000000076f340000,0x000000076f380000)
  to   space 512K, 0% used [0x000000076f380000,0x000000076f380000,0x000000076f400000)
 ParOldGen       total 175104K, used 90201K [0x00000006c1200000, 0x00000006cbd00000, 0x000000076b100000)
  object space 175104K, 51% used [0x00000006c1200000,0x00000006c6a164a8,0x00000006cbd00000)
 Metaspace       used 13361K, capacity 13619K, committed 13696K, reserved 1060864K
  class space    used 1260K, capacity 1341K, committed 1408K, reserved 1048576K
Event: 25848.797 GC heap after
Heap after GC invocations=1412 (full 0):
 PSYoungGen      total 31744K, used 256K [0x000000076b100000, 0x000000076f400000, 0x00000007c0000000)
  eden space 31232K, 0% used [0x000000076b100000,0x000000076b100000,0x000000076cf80000)
  from space 512K, 50% used [0x000000076f380000,0x000000076f3c0000,0x000000076f400000)
  to   space 512K, 0% used [0x000000076f300000,0x000000076f300000,0x000000076f380000)
 ParOldGen       total 175104K, used 90201K [0x00000006c1200000, 0x00000006cbd00000, 0x000000076b100000)
  object space 175104K, 51% used [0x00000006c1200000,0x00000006c6a164a8,0x00000006cbd00000)
 Metaspace       used 13361K, capacity 13619K, committed 13696K, reserved 1060864K
  class space    used 1260K, capacity 1341K, committed 1408K, reserved 1048576K
}
Event: 25859.928 GC heap before
{Heap before GC invocations=1413 (full 0):
 PSYoungGen      total 31744K, used 31488K [0x000000076b100000, 0x000000076f400000, 0x00000007c0000000)
  eden space 31232K, 100% used [0x000000076b100000,0x000000076cf80000,0x000000076cf80000)
  from space 512K, 50% used [0x000000076f380000,0x000000076f3c0000,0x000000076f400000)
  to   space 512K, 0% used [0x000000076f300000,0x000000076f300000,0x000000076f380000)
 ParOldGen       total 175104K, used 90201K [0x00000006c1200000, 0x00000006cbd00000, 0x000000076b100000)
  object space 175104K, 51% used [0x00000006c1200000,0x00000006c6a164a8,0x00000006cbd00000)
 Metaspace       used 13361K, capacity 13619K, committed 13696K, reserved 1060864K
  class space    used 1260K, capacity 1341K, committed 1408K, reserved 1048576K
Event: 25859.931 GC heap after
Heap after GC invocations=1413 (full 0):
 PSYoungGen      total 31744K, used 256K [0x000000076b100000, 0x000000076f400000, 0x00000007c0000000)
  eden space 31232K, 0% used [0x000000076b100000,0x000000076b100000,0x000000076cf80000)
  from space 512K, 50% used [0x000000076f300000,0x000000076f340000,0x000000076f380000)
  to   space 512K, 0% used [0x000000076f380000,0x000000076f380000,0x000000076f400000)
 ParOldGen       total 175104K, used 90201K [0x00000006c1200000, 0x00000006cbd00000, 0x000000076b100000)
  object space 175104K, 51% used [0x00000006c1200000,0x00000006c6a164a8,0x00000006cbd00000)
 Metaspace       used 13361K, capacity 13619K, committed 13696K, reserved 1060864K
  class space    used 1260K, capacity 1341K, committed 1408K, reserved 1048576K
}

