# JRE version: Java(TM) SE Runtime Environment (8.0_221-b11) (build 1.8.0_221-b11)
# Java VM: Java HotSpot(TM) 64-Bit Server VM (25.221-b11 mixed mode windows-amd64 compressed oops)
Heap:
 PSYoungGen      total 31744K, used 10214K [0x000000076b100000, 0x000000076d100000, 0x00000007c0000000)
  eden space 31232K, 31% used [0x000000076b100000,0x000000076bab99c0,0x000000076cf80000)
  from space 512K, 50% used [0x000000076d000000,0x000000076d040000,0x000000076d080000)
  to   space 512K, 0% used [0x000000076d080000,0x000000076d080000,0x000000076d100000)
 ParOldGen       total 175104K, used 25577K [0x00000006c1200000, 0x00000006cbd00000, 0x000000076b100000)
  object space 175104K, 14% used [0x00000006c1200000,0x00000006c2afa450,0x00000006cbd00000)
 Metaspace       used 13652K, capacity 13907K, committed 13952K, reserved 1062912K
  class space    used 1300K, capacity 1373K, committed 1408K, reserved 1048576K
GC Heap History (10 events):
Event: 1279.223 GC heap before
{Heap before GC invocations=75 (full 0):
 PSYoungGen      total 31744K, used 31456K [0x000000076b100000, 0x000000076d100000, 0x00000007c0000000)
  eden space 31232K, 100% used [0x000000076b100000,0x000000076cf80000,0x000000076cf80000)
  from space 512K, 43% used [0x000000076d080000,0x000000076d0b8000,0x000000076d100000)
  to   space 512K, 0% used [0x000000076d000000,0x000000076d000000,0x000000076d080000)
 ParOldGen       total 175104K, used 25537K [0x00000006c1200000, 0x00000006cbd00000, 0x000000076b100000)
  object space 175104K, 14% used [0x00000006c1200000,0x00000006c2af0450,0x00000006cbd00000)
 Metaspace       used 13652K, capacity 13907K, committed 13952K, reserved 1062912K
  class space    used 1300K, capacity 1373K, committed 1408K, reserved 1048576K
Event: 1279.225 GC heap after
Heap after GC invocations=75 (full 0):
 PSYoungGen      total 31744K, used 288K [0x000000076b100000, 0x000000076d100000, 0x00000007c0000000)
  eden space 31232K, 0% used [0x000000076b100000,0x000000076b100000,0x000000076cf80000)
  from space 512K, 56% used [0x000000076d000000,0x000000076d048000,0x000000076d080000)
  to   space 512K, 0% used [0x000000076d080000,0x000000076d080000,0x000000076d100000)
 ParOldGen       total 175104K, used 25553K [0x00000006c1200000, 0x00000006cbd00000, 0x000000076b100000)
  object space 175104K, 14% used [0x00000006c1200000,0x00000006c2af4450,0x00000006cbd00000)
 Metaspace       used 13652K, capacity 13907K, committed 13952K, reserved 1062912K
  class space    used 1300K, capacity 1373K, committed 1408K, reserved 1048576K
}
Event: 1297.080 GC heap before
{Heap before GC invocations=76 (full 0):
 PSYoungGen      total 31744K, used 31520K [0x000000076b100000, 0x000000076d100000, 0x00000007c0000000)
  eden space 31232K, 100% used [0x000000076b100000,0x000000076cf80000,0x000000076cf80000)
  from space 512K, 56% used [0x000000076d000000,0x000000076d048000,0x000000076d080000)
  to   space 512K, 0% used [0x000000076d080000,0x000000076d080000,0x000000076d100000)
 ParOldGen       total 175104K, used 25553K [0x00000006c1200000, 0x00000006cbd00000, 0x000000076b100000)
  object space 175104K, 14% used [0x00000006c1200000,0x00000006c2af4450,0x00000006cbd00000)
 Metaspace       used 13652K, capacity 13907K, committed 13952K, reserved 1062912K
  class space    used 1300K, capacity 1373K, committed 1408K, reserved 1048576K
Event: 1297.081 GC heap after
Heap after GC invocations=76 (full 0):
 PSYoungGen      total 31744K, used 256K [0x000000076b100000, 0x000000076d100000, 0x00000007c0000000)
  eden space 31232K, 0% used [0x000000076b100000,0x000000076b100000,0x000000076cf80000)
  from space 512K, 50% used [0x000000076d080000,0x000000076d0c0000,0x000000076d100000)
  to   space 512K, 0% used [0x000000076d000000,0x000000076d000000,0x000000076d080000)
 ParOldGen       total 175104K, used 25577K [0x00000006c1200000, 0x00000006cbd00000, 0x000000076b100000)
  object space 175104K, 14% used [0x00000006c1200000,0x00000006c2afa450,0x00000006cbd00000)
 Metaspace       used 13652K, capacity 13907K, committed 13952K, reserved 1062912K
  class space    used 1300K, capacity 1373K, committed 1408K, reserved 1048576K
}
Event: 1315.158 GC heap before
{Heap before GC invocations=77 (full 0):
 PSYoungGen      total 31744K, used 31488K [0x000000076b100000, 0x000000076d100000, 0x00000007c0000000)
  eden space 31232K, 100% used [0x000000076b100000,0x000000076cf80000,0x000000076cf80000)
  from space 512K, 50% used [0x000000076d080000,0x000000076d0c0000,0x000000076d100000)
  to   space 512K, 0% used [0x000000076d000000,0x000000076d000000,0x000000076d080000)
 ParOldGen       total 175104K, used 25577K [0x00000006c1200000, 0x00000006cbd00000, 0x000000076b100000)
  object space 175104K, 14% used [0x00000006c1200000,0x00000006c2afa450,0x00000006cbd00000)
 Metaspace       used 13652K, capacity 13907K, committed 13952K, reserved 1062912K
  class space    used 1300K, capacity 1373K, committed 1408K, reserved 1048576K
Event: 1315.159 GC heap after
Heap after GC invocations=77 (full 0):
 PSYoungGen      total 31744K, used 256K [0x000000076b100000, 0x000000076d100000, 0x00000007c0000000)
  eden space 31232K, 0% used [0x000000076b100000,0x000000076b100000,0x000000076cf80000)
  from space 512K, 50% used [0x000000076d000000,0x000000076d040000,0x000000076d080000)
  to   space 512K, 0% used [0x000000076d080000,0x000000076d080000,0x000000076d100000)
 ParOldGen       total 175104K, used 25577K [0x00000006c1200000, 0x00000006cbd00000, 0x000000076b100000)
  object space 175104K, 14% used [0x00000006c1200000,0x00000006c2afa450,0x00000006cbd00000)
 Metaspace       used 13652K, capacity 13907K, committed 13952K, reserved 1062912K
  class space    used 1300K, capacity 1373K, committed 1408K, reserved 1048576K
}
Event: 1335.933 GC heap before
{Heap before GC invocations=78 (full 0):
 PSYoungGen      total 31744K, used 31488K [0x000000076b100000, 0x000000076d100000, 0x00000007c0000000)
  eden space 31232K, 100% used [0x000000076b100000,0x000000076cf80000,0x000000076cf80000)
  from space 512K, 50% used [0x000000076d000000,0x000000076d040000,0x000000076d080000)
  to   space 512K, 0% used [0x000000076d080000,0x000000076d080000,0x000000076d100000)
 ParOldGen       total 175104K, used 25577K [0x00000006c1200000, 0x00000006cbd00000, 0x000000076b100000)
  object space 175104K, 14% used [0x00000006c1200000,0x00000006c2afa450,0x00000006cbd00000)
 Metaspace       used 13652K, capacity 13907K, committed 13952K, reserved 1062912K
  class space    used 1300K, capacity 1373K, committed 1408K, reserved 1048576K
Event: 1335.935 GC heap after
Heap after GC invocations=78 (full 0):
 PSYoungGen      total 31744K, used 288K [0x000000076b100000, 0x000000076d100000, 0x00000007c0000000)
  eden space 31232K, 0% used [0x000000076b100000,0x000000076b100000,0x000000076cf80000)
  from space 512K, 56% used [0x000000076d080000,0x000000076d0c8000,0x000000076d100000)
  to   space 512K, 0% used [0x000000076d000000,0x000000076d000000,0x000000076d080000)
 ParOldGen       total 175104K, used 25577K [0x00000006c1200000, 0x00000006cbd00000, 0x000000076b100000)
  object space 175104K, 14% used [0x00000006c1200000,0x00000006c2afa450,0x00000006cbd00000)
 Metaspace       used 13652K, capacity 13907K, committed 13952K, reserved 1062912K
  class space    used 1300K, capacity 1373K, committed 1408K, reserved 1048576K
}
Event: 1360.207 GC heap before
{Heap before GC invocations=79 (full 0):
 PSYoungGen      total 31744K, used 31520K [0x000000076b100000, 0x000000076d100000, 0x00000007c0000000)
  eden space 31232K, 100% used [0x000000076b100000,0x000000076cf80000,0x000000076cf80000)
  from space 512K, 56% used [0x000000076d080000,0x000000076d0c8000,0x000000076d100000)
  to   space 512K, 0% used [0x000000076d000000,0x000000076d000000,0x000000076d080000)
 ParOldGen       total 175104K, used 25577K [0x00000006c1200000, 0x00000006cbd00000, 0x000000076b100000)
  object space 175104K, 14% used [0x00000006c1200000,0x00000006c2afa450,0x00000006cbd00000)
 Metaspace       used 13652K, capacity 13907K, committed 13952K, reserved 1062912K
  class space    used 1300K, capacity 1373K, committed 1408K, reserved 1048576K
Event: 1360.209 GC heap after
Heap after GC invocations=79 (full 0):
 PSYoungGen      total 31744K, used 256K [0x000000076b100000, 0x000000076d100000, 0x00000007c0000000)
  eden space 31232K, 0% used [0x000000076b100000,0x000000076b100000,0x000000076cf80000)
  from space 512K, 50% used [0x000000076d000000,0x000000076d040000,0x000000076d080000)
  to   space 512K, 0% used [0x000000076d080000,0x000000076d080000,0x000000076d100000)
 ParOldGen       total 175104K, used 25577K [0x00000006c1200000, 0x00000006cbd00000, 0x000000076b100000)
  object space 175104K, 14% used [0x00000006c1200000,0x00000006c2afa450,0x00000006cbd00000)
 Metaspace       used 13652K, capacity 13907K, committed 13952K, reserved 1062912K
  class space    used 1300K, capacity 1373K, committed 1408K, reserved 1048576K
}

