# JRE version: Java(TM) SE Runtime Environment (8.0_221-b11) (build 1.8.0_221-b11)
# Java VM: Java HotSpot(TM) 64-Bit Server VM (25.221-b11 mixed mode windows-amd64 compressed oops)
Heap:
 PSYoungGen      total 31744K, used 29606K [0x000000076b100000, 0x000000076d100000, 0x00000007c0000000)
  eden space 31232K, 93% used [0x000000076b100000,0x000000076cda99d8,0x000000076cf80000)
  from space 512K, 50% used [0x000000076d080000,0x000000076d0c0000,0x000000076d100000)
  to   space 512K, 0% used [0x000000076d000000,0x000000076d000000,0x000000076d080000)
 ParOldGen       total 175104K, used 52399K [0x00000006c1200000, 0x00000006cbd00000, 0x000000076b100000)
  object space 175104K, 29% used [0x00000006c1200000,0x00000006c452bce0,0x00000006cbd00000)
 Metaspace       used 13682K, capacity 13907K, committed 13952K, reserved 1062912K
  class space    used 1296K, capacity 1373K, committed 1408K, reserved 1048576K
GC Heap History (10 events):
Event: 1417.368 GC heap before
{Heap before GC invocations=96 (full 0):
 PSYoungGen      total 31744K, used 31488K [0x000000076b100000, 0x000000076d100000, 0x00000007c0000000)
  eden space 31232K, 100% used [0x000000076b100000,0x000000076cf80000,0x000000076cf80000)
  from space 512K, 50% used [0x000000076d000000,0x000000076d040000,0x000000076d080000)
  to   space 512K, 0% used [0x000000076d080000,0x000000076d080000,0x000000076d100000)
 ParOldGen       total 175104K, used 52391K [0x00000006c1200000, 0x00000006cbd00000, 0x000000076b100000)
  object space 175104K, 29% used [0x00000006c1200000,0x00000006c4529ce0,0x00000006cbd00000)
 Metaspace       used 13682K, capacity 13907K, committed 13952K, reserved 1062912K
  class space    used 1296K, capacity 1373K, committed 1408K, reserved 1048576K
Event: 1417.370 GC heap after
Heap after GC invocations=96 (full 0):
 PSYoungGen      total 31744K, used 256K [0x000000076b100000, 0x000000076d100000, 0x00000007c0000000)
  eden space 31232K, 0% used [0x000000076b100000,0x000000076b100000,0x000000076cf80000)
  from space 512K, 50% used [0x000000076d080000,0x000000076d0c0000,0x000000076d100000)
  to   space 512K, 0% used [0x000000076d000000,0x000000076d000000,0x000000076d080000)
 ParOldGen       total 175104K, used 52391K [0x00000006c1200000, 0x00000006cbd00000, 0x000000076b100000)
  object space 175104K, 29% used [0x00000006c1200000,0x00000006c4529ce0,0x00000006cbd00000)
 Metaspace       used 13682K, capacity 13907K, committed 13952K, reserved 1062912K
  class space    used 1296K, capacity 1373K, committed 1408K, reserved 1048576K
}
Event: 1428.918 GC heap before
{Heap before GC invocations=97 (full 0):
 PSYoungGen      total 31744K, used 31488K [0x000000076b100000, 0x000000076d100000, 0x00000007c0000000)
  eden space 31232K, 100% used [0x000000076b100000,0x000000076cf80000,0x000000076cf80000)
  from space 512K, 50% used [0x000000076d080000,0x000000076d0c0000,0x000000076d100000)
  to   space 512K, 0% used [0x000000076d000000,0x000000076d000000,0x000000076d080000)
 ParOldGen       total 175104K, used 52391K [0x00000006c1200000, 0x00000006cbd00000, 0x000000076b100000)
  object space 175104K, 29% used [0x00000006c1200000,0x00000006c4529ce0,0x00000006cbd00000)
 Metaspace       used 13682K, capacity 13907K, committed 13952K, reserved 1062912K
  class space    used 1296K, capacity 1373K, committed 1408K, reserved 1048576K
Event: 1428.920 GC heap after
Heap after GC invocations=97 (full 0):
 PSYoungGen      total 31744K, used 224K [0x000000076b100000, 0x000000076d100000, 0x00000007c0000000)
  eden space 31232K, 0% used [0x000000076b100000,0x000000076b100000,0x000000076cf80000)
  from space 512K, 43% used [0x000000076d000000,0x000000076d038000,0x000000076d080000)
  to   space 512K, 0% used [0x000000076d080000,0x000000076d080000,0x000000076d100000)
 ParOldGen       total 175104K, used 52391K [0x00000006c1200000, 0x00000006cbd00000, 0x000000076b100000)
  object space 175104K, 29% used [0x00000006c1200000,0x00000006c4529ce0,0x00000006cbd00000)
 Metaspace       used 13682K, capacity 13907K, committed 13952K, reserved 1062912K
  class space    used 1296K, capacity 1373K, committed 1408K, reserved 1048576K
}
Event: 1440.569 GC heap before
{Heap before GC invocations=98 (full 0):
 PSYoungGen      total 31744K, used 31456K [0x000000076b100000, 0x000000076d100000, 0x00000007c0000000)
  eden space 31232K, 100% used [0x000000076b100000,0x000000076cf80000,0x000000076cf80000)
  from space 512K, 43% used [0x000000076d000000,0x000000076d038000,0x000000076d080000)
  to   space 512K, 0% used [0x000000076d080000,0x000000076d080000,0x000000076d100000)
 ParOldGen       total 175104K, used 52391K [0x00000006c1200000, 0x00000006cbd00000, 0x000000076b100000)
  object space 175104K, 29% used [0x00000006c1200000,0x00000006c4529ce0,0x00000006cbd00000)
 Metaspace       used 13682K, capacity 13907K, committed 13952K, reserved 1062912K
  class space    used 1296K, capacity 1373K, committed 1408K, reserved 1048576K
Event: 1440.571 GC heap after
Heap after GC invocations=98 (full 0):
 PSYoungGen      total 31744K, used 256K [0x000000076b100000, 0x000000076d100000, 0x00000007c0000000)
  eden space 31232K, 0% used [0x000000076b100000,0x000000076b100000,0x000000076cf80000)
  from space 512K, 50% used [0x000000076d080000,0x000000076d0c0000,0x000000076d100000)
  to   space 512K, 0% used [0x000000076d000000,0x000000076d000000,0x000000076d080000)
 ParOldGen       total 175104K, used 52391K [0x00000006c1200000, 0x00000006cbd00000, 0x000000076b100000)
  object space 175104K, 29% used [0x00000006c1200000,0x00000006c4529ce0,0x00000006cbd00000)
 Metaspace       used 13682K, capacity 13907K, committed 13952K, reserved 1062912K
  class space    used 1296K, capacity 1373K, committed 1408K, reserved 1048576K
}
Event: 1452.187 GC heap before
{Heap before GC invocations=99 (full 0):
 PSYoungGen      total 31744K, used 31488K [0x000000076b100000, 0x000000076d100000, 0x00000007c0000000)
  eden space 31232K, 100% used [0x000000076b100000,0x000000076cf80000,0x000000076cf80000)
  from space 512K, 50% used [0x000000076d080000,0x000000076d0c0000,0x000000076d100000)
  to   space 512K, 0% used [0x000000076d000000,0x000000076d000000,0x000000076d080000)
 ParOldGen       total 175104K, used 52391K [0x00000006c1200000, 0x00000006cbd00000, 0x000000076b100000)
  object space 175104K, 29% used [0x00000006c1200000,0x00000006c4529ce0,0x00000006cbd00000)
 Metaspace       used 13682K, capacity 13907K, committed 13952K, reserved 1062912K
  class space    used 1296K, capacity 1373K, committed 1408K, reserved 1048576K
Event: 1452.188 GC heap after
Heap after GC invocations=99 (full 0):
 PSYoungGen      total 31744K, used 224K [0x000000076b100000, 0x000000076d100000, 0x00000007c0000000)
  eden space 31232K, 0% used [0x000000076b100000,0x000000076b100000,0x000000076cf80000)
  from space 512K, 43% used [0x000000076d000000,0x000000076d038000,0x000000076d080000)
  to   space 512K, 0% used [0x000000076d080000,0x000000076d080000,0x000000076d100000)
 ParOldGen       total 175104K, used 52399K [0x00000006c1200000, 0x00000006cbd00000, 0x000000076b100000)
  object space 175104K, 29% used [0x00000006c1200000,0x00000006c452bce0,0x00000006cbd00000)
 Metaspace       used 13682K, capacity 13907K, committed 13952K, reserved 1062912K
  class space    used 1296K, capacity 1373K, committed 1408K, reserved 1048576K
}
Event: 1463.820 GC heap before
{Heap before GC invocations=100 (full 0):
 PSYoungGen      total 31744K, used 31456K [0x000000076b100000, 0x000000076d100000, 0x00000007c0000000)
  eden space 31232K, 100% used [0x000000076b100000,0x000000076cf80000,0x000000076cf80000)
  from space 512K, 43% used [0x000000076d000000,0x000000076d038000,0x000000076d080000)
  to   space 512K, 0% used [0x000000076d080000,0x000000076d080000,0x000000076d100000)
 ParOldGen       total 175104K, used 52399K [0x00000006c1200000, 0x00000006cbd00000, 0x000000076b100000)
  object space 175104K, 29% used [0x00000006c1200000,0x00000006c452bce0,0x00000006cbd00000)
 Metaspace       used 13682K, capacity 13907K, committed 13952K, reserved 1062912K
  class space    used 1296K, capacity 1373K, committed 1408K, reserved 1048576K
Event: 1463.822 GC heap after
Heap after GC invocations=100 (full 0):
 PSYoungGen      total 31744K, used 256K [0x000000076b100000, 0x000000076d100000, 0x00000007c0000000)
  eden space 31232K, 0% used [0x000000076b100000,0x000000076b100000,0x000000076cf80000)
  from space 512K, 50% used [0x000000076d080000,0x000000076d0c0000,0x000000076d100000)
  to   space 512K, 0% used [0x000000076d000000,0x000000076d000000,0x000000076d080000)
 ParOldGen       total 175104K, used 52399K [0x00000006c1200000, 0x00000006cbd00000, 0x000000076b100000)
  object space 175104K, 29% used [0x00000006c1200000,0x00000006c452bce0,0x00000006cbd00000)
 Metaspace       used 13682K, capacity 13907K, committed 13952K, reserved 1062912K
  class space    used 1296K, capacity 1373K, committed 1408K, reserved 1048576K
}

