# JRE version: Java(TM) SE Runtime Environment (8.0_221-b11) (build 1.8.0_221-b11)
# Java VM: Java HotSpot(TM) 64-Bit Server VM (25.221-b11 mixed mode windows-amd64 compressed oops)
Heap:
 PSYoungGen      total 73728K, used 23034K [0x000000076b100000, 0x0000000771000000, 0x00000007c0000000)
  eden space 54272K, 41% used [0x000000076b100000,0x000000076c73e8b0,0x000000076e600000)
  from space 19456K, 1% used [0x000000076fd00000,0x000000076fd40000,0x0000000771000000)
  to   space 21504K, 0% used [0x000000076e600000,0x000000076e600000,0x000000076fb00000)
 ParOldGen       total 175104K, used 24694K [0x00000006c1200000, 0x00000006cbd00000, 0x000000076b100000)
  object space 175104K, 14% used [0x00000006c1200000,0x00000006c2a1dae0,0x00000006cbd00000)
 Metaspace       used 13636K, capacity 13835K, committed 13952K, reserved 1062912K
  class space    used 1299K, capacity 1373K, committed 1408K, reserved 1048576K
GC Heap History (10 events):
Event: 219.304 GC heap before
{Heap before GC invocations=10 (full 0):
 PSYoungGen      total 59904K, used 59712K [0x000000076b100000, 0x0000000771a00000, 0x00000007c0000000)
  eden space 59392K, 100% used [0x000000076b100000,0x000000076eb00000,0x000000076eb00000)
  from space 512K, 62% used [0x000000076ec00000,0x000000076ec50000,0x000000076ec80000)
  to   space 24064K, 0% used [0x0000000770280000,0x0000000770280000,0x0000000771a00000)
 ParOldGen       total 175104K, used 24550K [0x00000006c1200000, 0x00000006cbd00000, 0x000000076b100000)
  object space 175104K, 14% used [0x00000006c1200000,0x00000006c29f9ae0,0x00000006cbd00000)
 Metaspace       used 13609K, capacity 13835K, committed 13952K, reserved 1062912K
  class space    used 1299K, capacity 1373K, committed 1408K, reserved 1048576K
Event: 219.306 GC heap after
Heap after GC invocations=10 (full 0):
 PSYoungGen      total 80384K, used 256K [0x000000076b100000, 0x0000000771800000, 0x00000007c0000000)
  eden space 58368K, 0% used [0x000000076b100000,0x000000076b100000,0x000000076ea00000)
  from space 22016K, 1% used [0x0000000770280000,0x00000007702c0000,0x0000000771800000)
  to   space 23552K, 0% used [0x000000076ea00000,0x000000076ea00000,0x0000000770100000)
 ParOldGen       total 175104K, used 24606K [0x00000006c1200000, 0x00000006cbd00000, 0x000000076b100000)
  object space 175104K, 14% used [0x00000006c1200000,0x00000006c2a07ae0,0x00000006cbd00000)
 Metaspace       used 13609K, capacity 13835K, committed 13952K, reserved 1062912K
  class space    used 1299K, capacity 1373K, committed 1408K, reserved 1048576K
}
Event: 241.979 GC heap before
{Heap before GC invocations=11 (full 0):
 PSYoungGen      total 80384K, used 58624K [0x000000076b100000, 0x0000000771800000, 0x00000007c0000000)
  eden space 58368K, 100% used [0x000000076b100000,0x000000076ea00000,0x000000076ea00000)
  from space 22016K, 1% used [0x0000000770280000,0x00000007702c0000,0x0000000771800000)
  to   space 23552K, 0% used [0x000000076ea00000,0x000000076ea00000,0x0000000770100000)
 ParOldGen       total 175104K, used 24606K [0x00000006c1200000, 0x00000006cbd00000, 0x000000076b100000)
  object space 175104K, 14% used [0x00000006c1200000,0x00000006c2a07ae0,0x00000006cbd00000)
 Metaspace       used 13631K, capacity 13835K, committed 13952K, reserved 1062912K
  class space    used 1299K, capacity 1373K, committed 1408K, reserved 1048576K
Event: 241.981 GC heap after
Heap after GC invocations=11 (full 0):
 PSYoungGen      total 57856K, used 256K [0x000000076b100000, 0x0000000771700000, 0x00000007c0000000)
  eden space 57344K, 0% used [0x000000076b100000,0x000000076b100000,0x000000076e900000)
  from space 512K, 50% used [0x000000076ea00000,0x000000076ea40000,0x000000076ea80000)
  to   space 23552K, 0% used [0x0000000770000000,0x0000000770000000,0x0000000771700000)
 ParOldGen       total 175104K, used 24670K [0x00000006c1200000, 0x00000006cbd00000, 0x000000076b100000)
  object space 175104K, 14% used [0x00000006c1200000,0x00000006c2a17ae0,0x00000006cbd00000)
 Metaspace       used 13631K, capacity 13835K, committed 13952K, reserved 1062912K
  class space    used 1299K, capacity 1373K, committed 1408K, reserved 1048576K
}
Event: 265.030 GC heap before
{Heap before GC invocations=12 (full 0):
 PSYoungGen      total 57856K, used 57600K [0x000000076b100000, 0x0000000771700000, 0x00000007c0000000)
  eden space 57344K, 100% used [0x000000076b100000,0x000000076e900000,0x000000076e900000)
  from space 512K, 50% used [0x000000076ea00000,0x000000076ea40000,0x000000076ea80000)
  to   space 23552K, 0% used [0x0000000770000000,0x0000000770000000,0x0000000771700000)
 ParOldGen       total 175104K, used 24670K [0x00000006c1200000, 0x00000006cbd00000, 0x000000076b100000)
  object space 175104K, 14% used [0x00000006c1200000,0x00000006c2a17ae0,0x00000006cbd00000)
 Metaspace       used 13632K, capacity 13835K, committed 13952K, reserved 1062912K
  class space    used 1299K, capacity 1373K, committed 1408K, reserved 1048576K
Event: 265.033 GC heap after
Heap after GC invocations=12 (full 0):
 PSYoungGen      total 77824K, used 256K [0x000000076b100000, 0x0000000771500000, 0x00000007c0000000)
  eden space 56320K, 0% used [0x000000076b100000,0x000000076b100000,0x000000076e800000)
  from space 21504K, 1% used [0x0000000770000000,0x0000000770040000,0x0000000771500000)
  to   space 23040K, 0% used [0x000000076e800000,0x000000076e800000,0x000000076fe80000)
 ParOldGen       total 175104K, used 24686K [0x00000006c1200000, 0x00000006cbd00000, 0x000000076b100000)
  object space 175104K, 14% used [0x00000006c1200000,0x00000006c2a1bae0,0x00000006cbd00000)
 Metaspace       used 13632K, capacity 13835K, committed 13952K, reserved 1062912K
  class space    used 1299K, capacity 1373K, committed 1408K, reserved 1048576K
}
Event: 288.314 GC heap before
{Heap before GC invocations=13 (full 0):
 PSYoungGen      total 77824K, used 56576K [0x000000076b100000, 0x0000000771500000, 0x00000007c0000000)
  eden space 56320K, 100% used [0x000000076b100000,0x000000076e800000,0x000000076e800000)
  from space 21504K, 1% used [0x0000000770000000,0x0000000770040000,0x0000000771500000)
  to   space 23040K, 0% used [0x000000076e800000,0x000000076e800000,0x000000076fe80000)
 ParOldGen       total 175104K, used 24686K [0x00000006c1200000, 0x00000006cbd00000, 0x000000076b100000)
  object space 175104K, 14% used [0x00000006c1200000,0x00000006c2a1bae0,0x00000006cbd00000)
 Metaspace       used 13632K, capacity 13835K, committed 13952K, reserved 1062912K
  class space    used 1299K, capacity 1373K, committed 1408K, reserved 1048576K
Event: 288.316 GC heap after
Heap after GC invocations=13 (full 0):
 PSYoungGen      total 55808K, used 256K [0x000000076b100000, 0x0000000771300000, 0x00000007c0000000)
  eden space 55296K, 0% used [0x000000076b100000,0x000000076b100000,0x000000076e700000)
  from space 512K, 50% used [0x000000076e800000,0x000000076e840000,0x000000076e880000)
  to   space 22528K, 0% used [0x000000076fd00000,0x000000076fd00000,0x0000000771300000)
 ParOldGen       total 175104K, used 24694K [0x00000006c1200000, 0x00000006cbd00000, 0x000000076b100000)
  object space 175104K, 14% used [0x00000006c1200000,0x00000006c2a1dae0,0x00000006cbd00000)
 Metaspace       used 13632K, capacity 13835K, committed 13952K, reserved 1062912K
  class space    used 1299K, capacity 1373K, committed 1408K, reserved 1048576K
}
Event: 310.247 GC heap before
{Heap before GC invocations=14 (full 0):
 PSYoungGen      total 55808K, used 55552K [0x000000076b100000, 0x0000000771300000, 0x00000007c0000000)
  eden space 55296K, 100% used [0x000000076b100000,0x000000076e700000,0x000000076e700000)
  from space 512K, 50% used [0x000000076e800000,0x000000076e840000,0x000000076e880000)
  to   space 22528K, 0% used [0x000000076fd00000,0x000000076fd00000,0x0000000771300000)
 ParOldGen       total 175104K, used 24694K [0x00000006c1200000, 0x00000006cbd00000, 0x000000076b100000)
  object space 175104K, 14% used [0x00000006c1200000,0x00000006c2a1dae0,0x00000006cbd00000)
 Metaspace       used 13632K, capacity 13835K, committed 13952K, reserved 1062912K
  class space    used 1299K, capacity 1373K, committed 1408K, reserved 1048576K
Event: 310.249 GC heap after
Heap after GC invocations=14 (full 0):
 PSYoungGen      total 73728K, used 256K [0x000000076b100000, 0x0000000771000000, 0x00000007c0000000)
  eden space 54272K, 0% used [0x000000076b100000,0x000000076b100000,0x000000076e600000)
  from space 19456K, 1% used [0x000000076fd00000,0x000000076fd40000,0x0000000771000000)
  to   space 21504K, 0% used [0x000000076e600000,0x000000076e600000,0x000000076fb00000)
 ParOldGen       total 175104K, used 24694K [0x00000006c1200000, 0x00000006cbd00000, 0x000000076b100000)
  object space 175104K, 14% used [0x00000006c1200000,0x00000006c2a1dae0,0x00000006cbd00000)
 Metaspace       used 13632K, capacity 13835K, committed 13952K, reserved 1062912K
  class space    used 1299K, capacity 1373K, committed 1408K, reserved 1048576K
}

