# JRE version: Java(TM) SE Runtime Environment (8.0_221-b11) (build 1.8.0_221-b11)
# Java VM: Java HotSpot(TM) 64-Bit Server VM (25.221-b11 mixed mode windows-amd64 compressed oops)
Heap:
 PSYoungGen      total 283648K, used 212952K [0x000000076b100000, 0x000000077dd00000, 0x00000007c0000000)
  eden space 261632K, 78% used [0x000000076b100000,0x0000000777a044b0,0x000000077b080000)
  from space 22016K, 32% used [0x000000077c680000,0x000000077cd71d38,0x000000077dc00000)
  to   space 22528K, 0% used [0x000000077b080000,0x000000077b080000,0x000000077c680000)
 ParOldGen       total 175104K, used 84437K [0x00000006c1200000, 0x00000006cbd00000, 0x000000076b100000)
  object space 175104K, 48% used [0x00000006c1200000,0x00000006c64755c0,0x00000006cbd00000)
 Metaspace       used 13299K, capacity 13491K, committed 13696K, reserved 1060864K
  class space    used 1260K, capacity 1341K, committed 1408K, reserved 1048576K
GC Heap History (10 events):
Event: 3.509 GC heap before
{Heap before GC invocations=2 (full 0):
 PSYoungGen      total 76288K, used 76268K [0x000000076b100000, 0x0000000770600000, 0x00000007c0000000)
  eden space 65536K, 100% used [0x000000076b100000,0x000000076f100000,0x000000076f100000)
  from space 10752K, 99% used [0x000000076f100000,0x000000076fb7b0b0,0x000000076fb80000)
  to   space 10752K, 0% used [0x000000076fb80000,0x000000076fb80000,0x0000000770600000)
 ParOldGen       total 175104K, used 57802K [0x00000006c1200000, 0x00000006cbd00000, 0x000000076b100000)
  object space 175104K, 33% used [0x00000006c1200000,0x00000006c4a72858,0x00000006cbd00000)
 Metaspace       used 13142K, capacity 13419K, committed 13696K, reserved 1060864K
  class space    used 1253K, capacity 1341K, committed 1408K, reserved 1048576K
Event: 3.521 GC heap after
Heap after GC invocations=2 (full 0):
 PSYoungGen      total 76288K, used 10728K [0x000000076b100000, 0x0000000770600000, 0x00000007c0000000)
  eden space 65536K, 0% used [0x000000076b100000,0x000000076b100000,0x000000076f100000)
  from space 10752K, 99% used [0x000000076fb80000,0x00000007705fa360,0x0000000770600000)
  to   space 10752K, 0% used [0x000000076f100000,0x000000076f100000,0x000000076fb80000)
 ParOldGen       total 175104K, used 65566K [0x00000006c1200000, 0x00000006cbd00000, 0x000000076b100000)
  object space 175104K, 37% used [0x00000006c1200000,0x00000006c5207b88,0x00000006cbd00000)
 Metaspace       used 13142K, capacity 13419K, committed 13696K, reserved 1060864K
  class space    used 1253K, capacity 1341K, committed 1408K, reserved 1048576K
}
Event: 3.733 GC heap before
{Heap before GC invocations=3 (full 0):
 PSYoungGen      total 76288K, used 76264K [0x000000076b100000, 0x0000000770600000, 0x00000007c0000000)
  eden space 65536K, 100% used [0x000000076b100000,0x000000076f100000,0x000000076f100000)
  from space 10752K, 99% used [0x000000076fb80000,0x00000007705fa360,0x0000000770600000)
  to   space 10752K, 0% used [0x000000076f100000,0x000000076f100000,0x000000076fb80000)
 ParOldGen       total 175104K, used 65566K [0x00000006c1200000, 0x00000006cbd00000, 0x000000076b100000)
  object space 175104K, 37% used [0x00000006c1200000,0x00000006c5207b88,0x00000006cbd00000)
 Metaspace       used 13146K, capacity 13419K, committed 13696K, reserved 1060864K
  class space    used 1253K, capacity 1341K, committed 1408K, reserved 1048576K
Event: 3.739 GC heap after
Heap after GC invocations=3 (full 0):
 PSYoungGen      total 76288K, used 10597K [0x000000076b100000, 0x0000000774600000, 0x00000007c0000000)
  eden space 65536K, 0% used [0x000000076b100000,0x000000076b100000,0x000000076f100000)
  from space 10752K, 98% used [0x000000076f100000,0x000000076fb594e8,0x000000076fb80000)
  to   space 10752K, 0% used [0x0000000773b80000,0x0000000773b80000,0x0000000774600000)
 ParOldGen       total 175104K, used 71718K [0x00000006c1200000, 0x00000006cbd00000, 0x000000076b100000)
  object space 175104K, 40% used [0x00000006c1200000,0x00000006c5809ba8,0x00000006cbd00000)
 Metaspace       used 13146K, capacity 13419K, committed 13696K, reserved 1060864K
  class space    used 1253K, capacity 1341K, committed 1408K, reserved 1048576K
}
Event: 4.048 GC heap before
{Heap before GC invocations=4 (full 0):
 PSYoungGen      total 76288K, used 76133K [0x000000076b100000, 0x0000000774600000, 0x00000007c0000000)
  eden space 65536K, 100% used [0x000000076b100000,0x000000076f100000,0x000000076f100000)
  from space 10752K, 98% used [0x000000076f100000,0x000000076fb594e8,0x000000076fb80000)
  to   space 10752K, 0% used [0x0000000773b80000,0x0000000773b80000,0x0000000774600000)
 ParOldGen       total 175104K, used 71718K [0x00000006c1200000, 0x00000006cbd00000, 0x000000076b100000)
  object space 175104K, 40% used [0x00000006c1200000,0x00000006c5809ba8,0x00000006cbd00000)
 Metaspace       used 13146K, capacity 13419K, committed 13696K, reserved 1060864K
  class space    used 1253K, capacity 1341K, committed 1408K, reserved 1048576K
Event: 4.055 GC heap after
Heap after GC invocations=4 (full 0):
 PSYoungGen      total 141824K, used 10743K [0x000000076b100000, 0x0000000774600000, 0x00000007c0000000)
  eden space 131072K, 0% used [0x000000076b100000,0x000000076b100000,0x0000000773100000)
  from space 10752K, 99% used [0x0000000773b80000,0x00000007745fdf58,0x0000000774600000)
  to   space 10752K, 0% used [0x0000000773100000,0x0000000773100000,0x0000000773b80000)
 ParOldGen       total 175104K, used 78277K [0x00000006c1200000, 0x00000006cbd00000, 0x000000076b100000)
  object space 175104K, 44% used [0x00000006c1200000,0x00000006c5e715a0,0x00000006cbd00000)
 Metaspace       used 13146K, capacity 13419K, committed 13696K, reserved 1060864K
  class space    used 1253K, capacity 1341K, committed 1408K, reserved 1048576K
}
Event: 4.597 GC heap before
{Heap before GC invocations=5 (full 0):
 PSYoungGen      total 141824K, used 141815K [0x000000076b100000, 0x0000000774600000, 0x00000007c0000000)
  eden space 131072K, 100% used [0x000000076b100000,0x0000000773100000,0x0000000773100000)
  from space 10752K, 99% used [0x0000000773b80000,0x00000007745fdf58,0x0000000774600000)
  to   space 10752K, 0% used [0x0000000773100000,0x0000000773100000,0x0000000773b80000)
 ParOldGen       total 175104K, used 78277K [0x00000006c1200000, 0x00000006cbd00000, 0x000000076b100000)
  object space 175104K, 44% used [0x00000006c1200000,0x00000006c5e715a0,0x00000006cbd00000)
 Metaspace       used 13146K, capacity 13419K, committed 13696K, reserved 1060864K
  class space    used 1253K, capacity 1341K, committed 1408K, reserved 1048576K
Event: 4.602 GC heap after
Heap after GC invocations=5 (full 0):
 PSYoungGen      total 141824K, used 9630K [0x000000076b100000, 0x000000077dc00000, 0x00000007c0000000)
  eden space 131072K, 0% used [0x000000076b100000,0x000000076b100000,0x0000000773100000)
  from space 10752K, 89% used [0x0000000773100000,0x0000000773a67910,0x0000000773b80000)
  to   space 22016K, 0% used [0x000000077c680000,0x000000077c680000,0x000000077dc00000)
 ParOldGen       total 175104K, used 84429K [0x00000006c1200000, 0x00000006cbd00000, 0x000000076b100000)
  object space 175104K, 48% used [0x00000006c1200000,0x00000006c64735c0,0x00000006cbd00000)
 Metaspace       used 13146K, capacity 13419K, committed 13696K, reserved 1060864K
  class space    used 1253K, capacity 1341K, committed 1408K, reserved 1048576K
}
Event: 5.066 GC heap before
{Heap before GC invocations=6 (full 0):
 PSYoungGen      total 141824K, used 140702K [0x000000076b100000, 0x000000077dc00000, 0x00000007c0000000)
  eden space 131072K, 100% used [0x000000076b100000,0x0000000773100000,0x0000000773100000)
  from space 10752K, 89% used [0x0000000773100000,0x0000000773a67910,0x0000000773b80000)
  to   space 22016K, 0% used [0x000000077c680000,0x000000077c680000,0x000000077dc00000)
 ParOldGen       total 175104K, used 84429K [0x00000006c1200000, 0x00000006cbd00000, 0x000000076b100000)
  object space 175104K, 48% used [0x00000006c1200000,0x00000006c64735c0,0x00000006cbd00000)
 Metaspace       used 13146K, capacity 13419K, committed 13696K, reserved 1060864K
  class space    used 1253K, capacity 1341K, committed 1408K, reserved 1048576K
Event: 5.069 GC heap after
Heap after GC invocations=6 (full 0):
 PSYoungGen      total 283648K, used 7111K [0x000000076b100000, 0x000000077dd00000, 0x00000007c0000000)
  eden space 261632K, 0% used [0x000000076b100000,0x000000076b100000,0x000000077b080000)
  from space 22016K, 32% used [0x000000077c680000,0x000000077cd71d38,0x000000077dc00000)
  to   space 22528K, 0% used [0x000000077b080000,0x000000077b080000,0x000000077c680000)
 ParOldGen       total 175104K, used 84437K [0x00000006c1200000, 0x00000006cbd00000, 0x000000076b100000)
  object space 175104K, 48% used [0x00000006c1200000,0x00000006c64755c0,0x00000006cbd00000)
 Metaspace       used 13146K, capacity 13419K, committed 13696K, reserved 1060864K
  class space    used 1253K, capacity 1341K, committed 1408K, reserved 1048576K
}

